<?xml version="1.0" encoding="UTF-8"?>
<testng-results skipped="0" failed="0" total="1" passed="1">
  <reporter-output>
  </reporter-output>
  <suite name="Default suite" duration-ms="20000" started-at="2019-09-04T06:48:01Z" finished-at="2019-09-04T06:48:21Z">
    <groups>
    </groups>
    <test name="Default test" duration-ms="20000" started-at="2019-09-04T06:48:01Z" finished-at="2019-09-04T06:48:21Z">
      <class name="randomscenarios.Ubuy">
        <test-method status="PASS" signature="m()[pri:0, instance:randomscenarios.Ubuy@48eff760]" name="m" duration-ms="19980" started-at="2019-09-04T12:18:01Z" finished-at="2019-09-04T12:18:21Z">
          <reporter-output>
          </reporter-output>
        </test-method> <!-- m -->
      </class> <!-- randomscenarios.Ubuy -->
    </test> <!-- Default test -->
  </suite> <!-- Default suite -->
</testng-results>
